Stacktrace:


Native stacktrace:

	/home/nathaniel/Games/GOG/Shadowrun_Hong_Kong__Extended_Edition/game/SRHK_Data/Mono/x86/libmono.so(+0x8b59b) [0xf72cf59b]
	/home/nathaniel/Games/GOG/Shadowrun_Hong_Kong__Extended_Edition/game/SRHK_Data/Mono/x86/libmono.so(+0x21743) [0xf7265743]
	linux-gate.so.1(__kernel_rt_sigreturn+0) [0xf7f3ab50]
	[0xb37eda00]

Debug info from gdb:


=================================================================
Got a SIGSEGV while executing native code. This usually indicates
a fatal error in the mono runtime or one of the native libraries 
used by your application.
=================================================================

Stacktrace:

  at (wrapper managed-to-native) UnityEngine.SystemInfo.get_operatingSystem () <0x00004>
  at (wrapper managed-to-native) UnityEngine.SystemInfo.get_operatingSystem () <0x00004>
  at HBS.Analytics.Google.GoogleAnalytics.Start () <0x001e3>
  at (wrapper runtime-invoke) object.runtime_invoke_void__this__ (object,intptr,intptr,intptr) <0x00040>

Native stacktrace:

	/home/nathaniel/Games/GOG/Shadowrun_Hong_Kong__Extended_Edition/game/SRHK_Data/Mono/x86/libmono.so(+0x8b59b) [0xf72cf59b]
	/home/nathaniel/Games/GOG/Shadowrun_Hong_Kong__Extended_Edition/game/SRHK_Data/Mono/x86/libmono.so(+0x21743) [0xf7265743]
	linux-gate.so.1(__kernel_rt_sigreturn+0) [0xf7f3ab50]
	[0xb37eda00]

Debug info from gdb:


=================================================================
Got a SIGSEGV while executing native code. This usually indicates
a fatal error in the mono runtime or one of the native libraries 
used by your application.
=================================================================

XIO:  fatal IO error 11 (Resource temporarily unavailable) on X server ":0"
      after 3513 requests (3492 known processed) with 0 events remaining.
w_pos GL_NV_packed_depth_stencil GL_NV_texture_rectangle GL_ARB_depth_texture GL_ARB_occlusion_query GL_ARB_shadow GL_ARB_texture_env_combine GL_ARB_texture_env_crossbar GL_ARB_texture_env_dot3 GL_ARB_texture_mirrored_repeat GL_ARB_window_pos GL_ATI_fragment_shader GL_EXT_stencil_two_side GL_EXT_texture_cube_map GL_NV_depth_clamp GL_NV_fog_distance GL_APPLE_packed_pixels GL_ARB_draw_buffers GL_ARB_fragment_program GL_ARB_fragment_shader GL_ARB_shader_objects GL_ARB_vertex_program GL_ARB_vertex_shader GL_ATI_draw_buffers GL_ATI_texture_env_combine3 GL_ATI_texture_float GL_EXT_depth_bounds_test GL_EXT_shadow_funcs GL_EXT_stencil_wrap GL_MESA_pack_invert GL_NV_primitive_restart GL_ARB_depth_clamp GL_ARB_fragment_program_shadow GL_ARB_half_float_pixel GL_ARB_occlusion_query2 GL_ARB_point_sprite GL_ARB_shading_language_100 GL_ARB_sync GL_ARB_texture_non_power_of_two GL_ARB_vertex_buffer_object GL_ATI_blend_equation_separate GL_EXT_blend_equation_separate GL_OES_read_format GL_ARB_color_buffer_float GL_ARB_pixel_buffer_object GL_ARB_texture_compression_rgtc GL_ARB_texture_float GL_ARB_texture_rectangle GL_ATI_texture_compression_3dc GL_EXT_packed_float GL_EXT_pixel_buffer_object GL_EXT_texture_compression_dxt1 GL_EXT_texture_compression_rgtc GL_EXT_texture_mirror_clamp GL_EXT_texture_rectangle GL_EXT_texture_sRGB GL_EXT_texture_shared_exponent GL_ARB_framebuffer_object GL_EXT_framebuffer_blit GL_EXT_framebuffer_multisample GL_EXT_packed_depth_stencil GL_ARB_vertex_array_object GL_ATI_separate_stencil GL_ATI_texture_mirror_once GL_EXT_draw_buffers2 GL_EXT_draw_instanced GL_EXT_gpu_program_parameters GL_EXT_texture_array GL_EXT_texture_compression_latc GL_EXT_texture_integer GL_EXT_texture_sRGB_decode GL_EXT_timer_query GL_OES_EGL_image GL_AMD_performance_monitor GL_AMD_texture_texture4 GL_ARB_copy_buffer GL_ARB_depth_buffer_float GL_ARB_draw_instanced GL_ARB_half_float_vertex GL_ARB_instanced_arrays GL_ARB_map_buffer_range GL_ARB_texture_buffer_object GL_ARB_texture_rg GL_ARB_texture_swizzle GL_ARB_vertex_array_bgra GL_EXT_texture_swizzle GL_EXT_vertex_array_bgra GL_NV_conditional_render GL_AMD_conservative_depth GL_AMD_depth_clamp_separate GL_AMD_draw_buffers_blend GL_AMD_seamless_cubemap_per_texture GL_AMD_shader_stencil_export GL_ARB_ES2_compatibility GL_ARB_blend_func_extended GL_ARB_compatibility GL_ARB_debug_output GL_ARB_draw_buffers_blend GL_ARB_draw_elements_base_vertex GL_ARB_explicit_attrib_location GL_ARB_fragment_coord_conventions GL_ARB_provoking_vertex GL_ARB_sample_shading GL_ARB_sampler_objects GL_ARB_seamless_cube_map GL_ARB_shader_stencil_export GL_ARB_shader_texture_lod GL_ARB_tessellation_shader GL_ARB_texture_buffer_object_rgb32 GL_ARB_texture_cube_map_array GL_ARB_texture_gather GL_ARB_texture_multisample GL_ARB_texture_query_lod GL_ARB_texture_rgb10_a2ui GL_ARB_uniform_buffer_object GL_ARB_vertex_type_2_10_10_10_rev GL_ATI_meminfo GL_EXT_provoking_vertex GL_EXT_texture_snorm GL_MESA_texture_signed_rgba GL_NV_texture_barrier GL_ARB_draw_indirect GL_ARB_get_program_binary GL_ARB_gpu_shader5 GL_ARB_gpu_shader_fp64 GL_ARB_robustness GL_ARB_separate_shader_objects GL_ARB_shader_bit_encoding GL_ARB_shader_precision GL_ARB_shader_subroutine GL_ARB_texture_compression_bptc GL_ARB_timer_query GL_ARB_transform_feedback2 GL_ARB_transform_feedback3 GL_ARB_vertex_attrib_64bit GL_ARB_viewport_array GL_EXT_vertex_attrib_64bit GL_NV_vdpau_interop GL_AMD_multi_draw_indirect GL_ANGLE_texture_compression_dxt3 GL_ANGLE_texture_compression_dxt5 GL_ARB_base_instance GL_ARB_compressed_texture_pixel_storage GL_ARB_conservative_depth GL_ARB_internalformat_query GL_ARB_map_buffer_alignment GL_ARB_shader_atomic_counters GL_ARB_shader_image_load_store GL_ARB_shading_language_420pack GL_ARB_shading_language_packing GL_ARB_texture_storage GL_ARB_transform_feedback_instanced GL_EXT_framebuffer_multisample_blit_scaled GL_EXT_transform_feedback GL_AMD_query_buffer_object GL_AMD_shader_trinary_minmax GL_AMD_vertex_shader_layer GL_AMD_vertex_shader_viewport_index GL_ARB_ES3_compatibility GL_ARB_arrays_of_arrays GL_ARB_clear_buffer_object GL_ARB_compute_shader GL_ARB_copy_image GL_ARB_explicit_uniform_location GL_ARB_fragment_layer_viewport GL_ARB_framebuffer_no_attachments GL_ARB_invalidate_subdata GL_ARB_multi_draw_indirect GL_ARB_program_interface_query GL_ARB_robust_buffer_access_behavior GL_ARB_shader_image_size GL_ARB_shader_storage_buffer_object GL_ARB_stencil_texturing GL_ARB_texture_buffer_range GL_ARB_texture_query_levels GL_ARB_texture_storage_multisample GL_ARB_texture_view GL_ARB_vertex_attrib_binding GL_KHR_debug GL_KHR_robustness GL_KHR_texture_compression_astc_ldr GL_AMD_pinned_memory GL_ARB_bindless_texture GL_ARB_buffer_storage GL_ARB_clear_texture GL_ARB_compute_variable_group_size GL_ARB_enhanced_layouts GL_ARB_indirect_parameters GL_ARB_internalformat_query2 GL_ARB_multi_bind GL_ARB_query_buffer_object GL_ARB_seamless_cubemap_per_texture GL_ARB_shader_draw_parameters GL_ARB_shader_group_vote GL_ARB_texture_mirror_clamp_to_edge GL_ARB_texture_stencil8 GL_ARB_vertex_type_10f_11f_11f_rev GL_EXT_shader_integer_mix GL_NVX_gpu_memory_info GL_ARB_ES3_1_compatibility GL_ARB_clip_control GL_ARB_conditional_render_inverted GL_ARB_cull_distance GL_ARB_derivative_control GL_ARB_direct_state_access GL_ARB_get_texture_sub_image GL_ARB_pipeline_statistics_query GL_ARB_shader_texture_image_samples GL_ARB_sparse_buffer GL_ARB_texture_barrier GL_ARB_transform_feedback_overflow_query GL_EXT_polygon_offset_clamp GL_KHR_blend_equation_advanced GL_KHR_context_flush_control GL_KHR_robust_buffer_access_behavior GL_ARB_shader_atomic_counter_ops GL_ARB_shader_ballot GL_ARB_shader_clock GL_ARB_shader_viewport_layer_array GL_KHR_no_error GL_KHR_texture_compression_astc_sliced_3d GL_EXT_window_rectangles GL_MESA_shader_integer_functions GL_ARB_polygon_offset_clamp GL_ARB_texture_filter_anisotropic GL_EXT_memory_object GL_EXT_memory_object_fd GL_EXT_semaphore GL_EXT_semaphore_fd GL_AMD_framebuffer_multisample_advanced GL_EXT_texture_sRGB_R8 
GLX Extensions: GLX_ARB_create_context GLX_ARB_create_context_profile GLX_ARB_create_context_robustness GLX_ARB_fbconfig_float GLX_ARB_framebuffer_sRGB GLX_ARB_get_proc_address GLX_ARB_multisample GLX_EXT_buffer_age GLX_EXT_create_context_es2_profile GLX_EXT_create_context_es_profile GLX_EXT_fbconfig_packed_float GLX_EXT_framebuffer_sRGB GLX_EXT_import_context GLX_EXT_texture_from_pixmap GLX_EXT_visual_info GLX_EXT_visual_rating GLX_INTEL_swap_event GLX_MESA_copy_sub_buffer GLX_MESA_query_renderer GLX_MESA_swap_control GLX_OML_swap_method GLX_OML_sync_control GLX_SGIS_multisample GLX_SGIX_fbconfig GLX_SGIX_pbuffer GLX_SGIX_visual_select_group GLX_SGI_make_current_read GLX_SGI_swap_control GLX_SGI_video_sync 
Setting maxVSyncInterval to 4
GL: Detected 0 MB VRAM
Total system RAM: 16029 MiB
Initialize engine version: 4.6.2f1 (bd99309c2ad7)
Total system RAM: 16029 MiB
AudioManager: Using PulseAudio: Default Output Device
Begin MonoManager ReloadAssembly
Platform assembly: /home/nathaniel/Games/GOG/Shadowrun_Hong_Kong__Extended_Edition/game/SRHK_Data/Managed/UnityEngine.dll (this message is harmless)
Loading /home/nathaniel/Games/GOG/Shadowrun_Hong_Kong__Extended_Edition/game/SRHK_Data/Managed/UnityEngine.dll into Unity Child Domain
Platform assembly: /home/nathaniel/Games/GOG/Shadowrun_Hong_Kong__Extended_Edition/game/SRHK_Data/Managed/Assembly-CSharp-firstpass.dll (this message is harmless)
Loading /home/nathaniel/Games/GOG/Shadowrun_Hong_Kong__Extended_Edition/game/SRHK_Data/Managed/Assembly-CSharp-firstpass.dll into Unity Child Domain
Platform assembly: /home/nathaniel/Games/GOG/Shadowrun_Hong_Kong__Extended_Edition/game/SRHK_Data/Managed/Assembly-CSharp.dll (this message is harmless)
Loading /home/nathaniel/Games/GOG/Shadowrun_Hong_Kong__Extended_Edition/game/SRHK_Data/Managed/Assembly-CSharp.dll into Unity Child Domain
Platform assembly: /home/nathaniel/Games/GOG/Shadowrun_Hong_Kong__Extended_Edition/game/SRHK_Data/Managed/Assembly-UnityScript-firstpass.dll (this message is harmless)
Loading /home/nathaniel/Games/GOG/Shadowrun_Hong_Kong__Extended_Edition/game/SRHK_Data/Managed/Assembly-UnityScript-firstpass.dll into Unity Child Domain
Platform assembly: /home/nathaniel/Games/GOG/Shadowrun_Hong_Kong__Extended_Edition/game/SRHK_Data/Managed/Assembly-UnityScript.dll (this message is harmless)
Loading /home/nathaniel/Games/GOG/Shadowrun_Hong_Kong__Extended_Edition/game/SRHK_Data/Managed/Assembly-UnityScript.dll into Unity Child Domain
Platform assembly: /home/nathaniel/Games/GOG/Shadowrun_Hong_Kong__Extended_Edition/game/SRHK_Data/Managed/UnityEngine.UI.dll (this message is harmless)
Loading /home/nathaniel/Games/GOG/Shadowrun_Hong_Kong__Extended_Edition/game/SRHK_Data/Managed/UnityEngine.UI.dll into Unity Child Domain
Platform assembly: /home/nathaniel/Games/GOG/Shadowrun_Hong_Kong__Extended_Edition/game/SRHK_Data/Managed/I18N.CJK.dll (this message is harmless)
Loading /home/nathaniel/Games/GOG/Shadowrun_Hong_Kong__Extended_Edition/game/SRHK_Data/Managed/I18N.CJK.dll into Unity Child Domain
Platform assembly: /home/nathaniel/Games/GOG/Shadowrun_Hong_Kong__Extended_Edition/game/SRHK_Data/Managed/I18N.dll (this message is harmless)
Loading /home/nathaniel/Games/GOG/Shadowrun_Hong_Kong__Extended_Edition/game/SRHK_Data/Managed/I18N.dll into Unity Child Domain
Platform assembly: /home/nathaniel/Games/GOG/Shadowrun_Hong_Kong__Extended_Edition/game/SRHK_Data/Managed/I18N.MidEast.dll (this message is harmless)
Loading /home/nathaniel/Games/GOG/Shadowrun_Hong_Kong__Extended_Edition/game/SRHK_Data/Managed/I18N.MidEast.dll into Unity Child Domain
Platform assembly: /home/nathaniel/Games/GOG/Shadowrun_Hong_Kong__Extended_Edition/game/SRHK_Data/Managed/I18N.Other.dll (this message is harmless)
Loading /home/nathaniel/Games/GOG/Shadowrun_Hong_Kong__Extended_Edition/game/SRHK_Data/Managed/I18N.Other.dll into Unity Child Domain
Platform assembly: /home/nathaniel/Games/GOG/Shadowrun_Hong_Kong__Extended_Edition/game/SRHK_Data/Managed/I18N.West.dll (this message is harmless)
Loading /home/nathaniel/Games/GOG/Shadowrun_Hong_Kong__Extended_Edition/game/SRHK_Data/Managed/I18N.West.dll into Unity Child Domain
Platform assembly: /home/nathaniel/Games/GOG/Shadowrun_Hong_Kong__Extended_Edition/game/SRHK_Data/Managed/Ionic.Zip.CF.dll (this message is harmless)
Loading /home/nathaniel/Games/GOG/Shadowrun_Hong_Kong__Extended_Edition/game/SRHK_Data/Managed/Ionic.Zip.CF.dll into Unity Child Domain
Platform assembly: /home/nathaniel/Games/GOG/Shadowrun_Hong_Kong__Extended_Edition/game/SRHK_Data/Managed/NGettext.dll (this message is harmless)
Loading /home/nathaniel/Games/GOG/Shadowrun_Hong_Kong__Extended_Edition/game/SRHK_Data/Managed/NGettext.dll into Unity Child Domain
Platform assembly: /home/nathaniel/Games/GOG/Shadowrun_Hong_Kong__Extended_Edition/game/SRHK_Data/Managed/protobuf-net.dll (this message is harmless)
Loading /home/nathaniel/Games/GOG/Shadowrun_Hong_Kong__Extended_Edition/game/SRHK_Data/Managed/protobuf-net.dll into Unity Child Domain
Platform assembly: /home/nathaniel/Games/GOG/Shadowrun_Hong_Kong__Extended_Edition/game/SRHK_Data/Managed/ShadowrunDTO.dll (this message is harmless)
Loading /home/nathaniel/Games/GOG/Shadowrun_Hong_Kong__Extended_Edition/game/SRHK_Data/Managed/ShadowrunDTO.dll into Unity Child Domain
Platform assembly: /home/nathaniel/Games/GOG/Shadowrun_Hong_Kong__Extended_Edition/game/SRHK_Data/Managed/ShadowrunSerializer.dll (this message is harmless)
Loading /home/nathaniel/Games/GOG/Shadowrun_Hong_Kong__Extended_Edition/game/SRHK_Data/Managed/ShadowrunSerializer.dll into Unity Child Domain
Platform assembly: /home/nathaniel/Games/GOG/Shadowrun_Hong_Kong__Extended_Edition/game/SRHK_Data/Managed/VTD-Nav.dll (this message is harmless)
Loading /home/nathaniel/Games/GOG/Shadowrun_Hong_Kong__Extended_Edition/game/SRHK_Data/Managed/VTD-Nav.dll into Unity Child Domain
Platform assembly: /home/nathaniel/Games/GOG/Shadowrun_Hong_Kong__Extended_Edition/game/SRHK_Data/Managed/SteamworksManaged.dll (this message is harmless)
Loading /home/nathaniel/Games/GOG/Shadowrun_Hong_Kong__Extended_Edition/game/SRHK_Data/Managed/SteamworksManaged.dll into Unity Child Domain
Platform assembly: /home/nathaniel/Games/GOG/Shadowrun_Hong_Kong__Extended_Edition/game/SRHK_Data/Managed/RAINOne.dll (this message is harmless)
Loading /home/nathaniel/Games/GOG/Shadowrun_Hong_Kong__Extended_Edition/game/SRHK_Data/Managed/RAINOne.dll into Unity Child Domain
Platform assembly: /home/nathaniel/Games/GOG/Shadowrun_Hong_Kong__Extended_Edition/game/SRHK_Data/Managed/Recast.dll (this message is harmless)
Loading /home/nathaniel/Games/GOG/Shadowrun_Hong_Kong__Extended_Edition/game/SRHK_Data/Managed/Recast.dll into Unity Child Domain
- Completed reload, in  0.075 seconds
Default vsync count 1
requesting resize 1024 x 768
resizing window to 1024 x 768
Desktop is 1920 x 1080 @ 60 Hz
Platform assembly: /home/nathaniel/Games/GOG/Shadowrun_Hong_Kong__Extended_Edition/game/SRHK_Data/Managed/System.Core.dll (this message is harmless)
Platform assembly: /home/nathaniel/Games/GOG/Shadowrun_Hong_Kong__Extended_Edition/game/SRHK_Data/Managed/System.dll (this message is harmless)
Fallback handler could not load library /home/nathaniel/Games/GOG/Shadowrun_Hong_Kong__Extended_Edition/game/SRHK_Data/Mono/x86/.//home/nathaniel/Games/GOG/Shadowrun_Hong_Kong__Extended_Edition/game/SRHK_Data/Plugins/x86/libsteamwrap.so
Fallback handler could not load library /home/nathaniel/Games/GOG/Shadowrun_Hong_Kong__Extended_Edition/game/SRHK_Data/Mono/x86/lib/home/nathaniel/Games/GOG/Shadowrun_Hong_Kong__Extended_Edition/game/SRHK_Data/Plugins/x86/libsteamwrap.so
Fallback handler could not load library /home/nathaniel/Games/GOG/Shadowrun_Hong_Kong__Extended_Edition/game/SRHK_Data/Mono/x86/./lib/home/nathaniel/Games/GOG/Shadowrun_Hong_Kong__Extended_Edition/game/SRHK_Data/Plugins/x86/libsteamwrap.so
Fallback handler could not load library /home/nathaniel/Games/GOG/Shadowrun_Hong_Kong__Extended_Edition/game/SRHK_Data/Mono/x86/lib/home/nathaniel/Games/GOG/Shadowrun_Hong_Kong__Extended_Edition/game/SRHK_Data/Plugins/x86/libsteamwrap.so
Fallback handler could not load library /home/nathaniel/Games/GOG/Shadowrun_Hong_Kong__Extended_Edition/game/SRHK_Data/Mono/x86/.//home/nathaniel/Games/GOG/Shadowrun_Hong_Kong__Extended_Edition/game/SRHK_Data/Plugins/x86/libsteamwrap.so
Fallback handler could not load library /home/nathaniel/Games/GOG/Shadowrun_Hong_Kong__Extended_Edition/game/SRHK_Data/Mono/x86/lib/home/nathaniel/Games/GOG/Shadowrun_Hong_Kong__Extended_Edition/game/SRHK_Data/Plugins/x86/libsteamwrap.so
Fallback handler could not load library /home/nathaniel/Games/GOG/Shadowrun_Hong_Kong__Extended_Edition/game/SRHK_Data/Mono/x86/./lib/home/nathaniel/Games/GOG/Shadowrun_Hong_Kong__Extended_Edition/game/SRHK_Data/Plugins/x86/libsteamwrap.so
Fallback handler could not load library /home/nathaniel/Games/GOG/Shadowrun_Hong_Kong__Extended_Edition/game/SRHK_Data/Mono/x86/lib/home/nathaniel/Games/GOG/Shadowrun_Hong_Kong__Extended_Edition/game/SRHK_Data/Plugins/x86/libsteamwrap.so
Fallback handler could not load library /home/nathaniel/Games/GOG/Shadowrun_Hong_Kong__Extended_Edition/game/SRHK_Data/Mono/x86/.//home/nathaniel/Games/GOG/Shadowrun_Hong_Kong__Extended_Edition/game/SRHK_Data/Plugins/x86/libsteamwrap.so
Fallback handler could not load library /home/nathaniel/Games/GOG/Shadowrun_Hong_Kong__Extended_Edition/game/SRHK_Data/Mono/x86/lib/home/nathaniel/Games/GOG/Shadowrun_Hong_Kong__Extended_Edition/game/SRHK_Data/Plugins/x86/libsteamwrap.so
Fallback handler could not load library /home/nathaniel/Games/GOG/Shadowrun_Hong_Kong__Extended_Edition/game/SRHK_Data/Mono/x86/./lib/home/nathaniel/Games/GOG/Shadowrun_Hong_Kong__Extended_Edition/game/SRHK_Data/Plugins/x86/libsteamwrap.so
Fallback handler could not load library /home/nathaniel/Games/GOG/Shadowrun_Hong_Kong__Extended_Edition/game/SRHK_Data/Mono/x86/lib/home/nathaniel/Games/GOG/Shadowrun_Hong_Kong__Extended_Edition/game/SRHK_Data/Plugins/x86/libsteamwrap.so
.//home/nathaniel/Games/GOG/Shadowrun_Hong_Kong__Extended_Edition/game/SRHK_Data/Plugins/x86/libsteamwrap.so : Could not load a dll file. Make sure that the steam_api.dll/libsteam_api.dylib file is placed at the correct location. See the documentation for more info.
 
(Filename: /home/builduser/buildslave/unity/build/artifacts/LinuxStandalonePlayerGenerated/UnityEngineDebug.cpp Line: 56)

defaulting screen resolution:1920, 1080
 
(Filename: /home/builduser/buildslave/unity/build/artifacts/LinuxStandalonePlayerGenerated/UnityEngineDebug.cpp Line: 56)

Version num:3.12
 
(Filename: /home/builduser/buildslave/unity/build/artifacts/LinuxStandalonePlayerGenerated/UnityEngineDebug.cpp Line: 56)

LOAD [INFO] Content pack 54469bed32343784240005f9 Installed found here: /home/nathaniel/Games/GOG/Shadowrun_Hong_Kong__Extended_Edition/game/SRHK_Data/StreamingAssets/ContentPacks/HongKong/
 
(Filename: /home/builduser/buildslave/unity/build/artifacts/LinuxStandalonePlayerGenerated/UnityEngineDebug.cpp Line: 56)

LOAD [INFO] Content pack 55e766536636619c20000bdc Installed found here: /home/nathaniel/Games/GOG/Shadowrun_Hong_Kong__Extended_Edition/game/SRHK_Data/StreamingAssets/ContentPacks/hk_coda/
 
(Filename: /home/builduser/buildslave/unity/build/artifacts/LinuxStandalonePlayerGenerated/UnityEngineDebug.cpp Line: 56)

LOAD [INFO] Content pack 518d7671643431b03f0041a8 Installed found here: /home/nathaniel/Games/GOG/Shadowrun_Hong_Kong__Extended_Edition/game/SRHK_Data/StreamingAssets/ContentPacks/shadowrun_core/
 
(Filename: /home/builduser/buildslave/unity/build/artifacts/LinuxStandalonePlayerGenerated/UnityEngineDebug.cpp Line: 56)

LOAD [INFO] FileLoader switching to project: 518d7671643431b03f0041a8 (ShadowrunCore)
 
(Filename: /home/builduser/buildslave/unity/build/artifacts/LinuxStandalonePlayerGenerated/UnityEngineDebug.cpp Line: 56)

SND [WARN] Playing music clip: HongKong-TitleTheme-UI with volume: 0.6
 
(Filename: /home/builduser/buildslave/unity/build/artifacts/LinuxStandalonePlayerGenerated/UnityEngineDebug.cpp Line: 56)

Analytics.Google [INFO] User-Agent: Mozilla/5.0 (Linux; Linux 4_20 unknown 64bit; English) Unity/4.6.2f1 (Standalone)
 
(Filename: /home/builduser/buildslave/unity/build/artifacts/LinuxStandalonePlayerGenerated/UnityEngineDebug.cpp Line: 56)

Fallback handler could not load library /home/nathaniel/Games/GOG/Shadowrun_Hong_Kong__Extended_Edition/game/SRHK_Data/Mono/x86/.//home/nathaniel/Games/GOG/Shadowrun_Hong_Kong__Extended_Edition/game/SRHK_Data/Plugins/x86/libsteamwrap.so
Fallback handler could not load library /home/nathaniel/Games/GOG/Shadowrun_Hong_Kong__Extended_Edition/game/SRHK_Data/Mono/x86/lib/home/nathaniel/Games/GOG/Shadowrun_Hong_Kong__Extended_Edition/game/SRHK_Data/Plugins/x86/libsteamwrap.so
Fallback handler could not load library /home/nathaniel/Games/GOG/Shadowrun_Hong_Kong__Extended_Edition/game/SRHK_Data/Mono/x86/./lib/home/nathaniel/Games/GOG/Shadowrun_Hong_Kong__Extended_Edition/game/SRHK_Data/Plugins/x86/libsteamwrap.so
Fallback handler could not load library /home/nathaniel/Games/GOG/Shadowrun_Hong_Kong__Extended_Edition/game/SRHK_Data/Mono/x86/lib/home/nathaniel/Games/GOG/Shadowrun_Hong_Kong__Extended_Edition/game/SRHK_Data/Plugins/x86/libsteamwrap.so
Fallback handler could not load library /home/nathaniel/Games/GOG/Shadowrun_Hong_Kong__Extended_Edition/game/SRHK_Data/Mono/x86/IntelUnityPlugIn
Fallback handler could not load library /home/nathaniel/Games/GOG/Shadowrun_Hong_Kong__Extended_Edition/game/SRHK_Data/Mono/x86/libIntelUnityPlugIn.so
Fallback handler could not load library /home/nathaniel/Games/GOG/Shadowrun_Hong_Kong__Extended_Edition/game/SRHK_Data/Mono/x86/./IntelUnityPlugIn
Fallback handler could not load library /home/nathaniel/Games/GOG/Shadowrun_Hong_Kong__Extended_Edition/game/SRHK_Data/Mono/x86/./libIntelUnityPlugIn.so
Fallback handler could not load library /home/nathaniel/Games/GOG/Shadowrun_Hong_Kong__Extended_Edition/game/SRHK_Data/Mono/x86/IntelUnityPlugIn
Fallback handler could not load library /home/nathaniel/Games/GOG/Shadowrun_Hong_Kong__Extended_Edition/game/SRHK_Data/Mono/x86/libIntelUnityPlugIn
Fallback handler could not load library /home/nathaniel/Games/GOG/Shadowrun_Hong_Kong__Extended_Edition/game/SRHK_Data/Mono/x86/libIntelUnityPlugIn.so
Fallback handler could not load library /home/nathaniel/Games/GOG/Shadowrun_Hong_Kong__Extended_Edition/game/SRHK_Data/Mono/x86/./libIntelUnityPlugIn
Fallback handler could not load library /home/nathaniel/Games/GOG/Shadowrun_Hong_Kong__Extended_Edition/game/SRHK_Data/Mono/x86/./libIntelUnityPlugIn.so
Fallback handler could not load library /home/nathaniel/Games/GOG/Shadowrun_Hong_Kong__Extended_Edition/game/SRHK_Data/Mono/x86/libIntelUnityPlugIn
requesting resize 1920 x 1080
requesting fullscreen 1920 x 1080 at 0 Hz
Desktop is 1920 x 1080 @ 60 Hz
Changing real window size to 1024 x 768
Changing real window size to 1920 x 1080
Ignoring window size change to 1920x1080 : waiting for fullscreen at 1920x1080
Unloading 5 Unused Serialized files (Serialized files now loaded: 0 / Dirty serialized files: 0)

Unloading 23 unused Assets to reduce memory usage. Loaded Objects now: 3500.
Total: 2.852000 ms (FindLiveObjects: 0.139000 ms CreateObjectMapping: 0.178000 ms MarkObjects: 2.269000 ms  DeleteObjects: 0.042000 ms)

Unloading 0 Unused Serialized files (Serialized files now loaded: 1 / Dirty serialized files: 0)

Unloading 0 unused Assets to reduce memory usage. Loaded Objects now: 3469.
Total: 2.106000 ms (FindLiveObjects: 0.085000 ms CreateObjectMapping: 0.129000 ms MarkObjects: 1.876000 ms  DeleteObjects: 0.005000 ms)

Unloading 0 Unused Serialized files (Serialized files now loaded: 2 / Dirty serialized files: 0)

Unloading 2 unused Assets to reduce memory usage. Loaded Objects now: 3483.
Total: 2.112000 ms (FindLiveObjects: 0.090000 ms CreateObjectMapping: 0.129000 ms MarkObjects: 1.872000 ms  DeleteObjects: 0.008000 ms)

Unloading 1 Unused Serialized files (Serialized files now loaded: 3 / Dirty serialized files: 0)

Unloading 3 unused Assets to reduce memory usage. Loaded Objects now: 3493.
Total: 2.414000 ms (FindLiveObjects: 0.109000 ms CreateObjectMapping: 0.132000 ms MarkObjects: 2.031000 ms  DeleteObjects: 0.011000 ms)

Fallback handler could not load library /home/nathaniel/Games/GOG/Shadowrun_Hong_Kong__Extended_Edition/game/SRHK_Data/Mono/x86/IntelUnityPlugIn
Fallback handler could not load library /home/nathaniel/Games/GOG/Shadowrun_Hong_Kong__Extended_Edition/game/SRHK_Data/Mono/x86/libIntelUnityPlugIn.so
Fallback handler could not load library /home/nathaniel/Games/GOG/Shadowrun_Hong_Kong__Extended_Edition/game/SRHK_Data/Mono/x86/./IntelUnityPlugIn
Fallback handler could not load library /home/nathaniel/Games/GOG/Shadowrun_Hong_Kong__Extended_Edition/game/SRHK_Data/Mono/x86/./libIntelUnityPlugIn.so
Fallback handler could not load library /home/nathaniel/Games/GOG/Shadowrun_Hong_Kong__Extended_Edition/game/SRHK_Data/Mono/x86/IntelUnityPlugIn
Fallback handler could not load library /home/nathaniel/Games/GOG/Shadowrun_Hong_Kong__Extended_Edition/game/SRHK_Data/Mono/x86/libIntelUnityPlugIn
Fallback handler could not load library /home/nathaniel/Games/GOG/Shadowrun_Hong_Kong__Extended_Edition/game/SRHK_Data/Mono/x86/libIntelUnityPlugIn.so
Fallback handler could not load library /home/nathaniel/Games/GOG/Shadowrun_Hong_Kong__Extended_Edition/game/SRHK_Data/Mono/x86/./libIntelUnityPlugIn
Fallback handler could not load library /home/nathaniel/Games/GOG/Shadowrun_Hong_Kong__Extended_Edition/game/SRHK_Data/Mono/x86/./libIntelUnityPlugIn.so
Fallback handler could not load library /home/nathaniel/Games/GOG/Shadowrun_Hong_Kong__Extended_Edition/game/SRHK_Data/Mono/x86/libIntelUnityPlugIn
SystemException: Can't find current process
  at System.Diagnostics.Process.GetCurrentProcess () [0x00000] in <filename unknown>:0 
  at Steam.Steamworks.Update () [0x00000] in <filename unknown>:0 
 
(Filename:  Line: -1)

ASSET [WARN] No bundle hongkong_audio_ui found when attempting to load ClickGeneric01
 
(Filename: /home/builduser/buildslave/unity/build/artifacts/LinuxStandalonePlayerGenerated/UnityEngineDebug.cpp Line: 56)

SND [WARN] Clip not found: ClickGeneric01
 
(Filename: /home/builduser/buildslave/unity/build/artifacts/LinuxStandalonePlayerGenerated/UnityEngineDebug.cpp Line: 56)

SystemException: Can't find current process
  at System.Diagnostics.Process.GetCurrentProcess () [0x00000] in <filename unknown>:0 
  at Steam.Steamworks.Update () [0x00000] in <filename unknown>:0 
 
(Filename:  Line: -1)

ASSET [WARN] No bundle hongkong_audio_ui found when attempting to load ClickGeneric01
 
(Filename: /home/builduser/buildslave/unity/build/artifacts/LinuxStandalonePlayerGenerated/UnityEngineDebug.cpp Line: 56)

SND [WARN] Clip not found: ClickGeneric01
 
(Filename: /home/builduser/buildslave/unity/build/artifacts/LinuxStandalonePlayerGenerated/UnityEngineDebug.cpp Line: 56)

SystemException: Can't find current process
  at System.Diagnostics.Process.GetCurrentProcess () [0x00000] in <filename unknown>:0 
  at Steam.Steamworks.Update () [0x00000] in <filename unknown>:0 
 
(Filename:  Line: -1)

SystemException: Can't find current process
  at System.Diagnostics.Process.GetCurrentProcess () [0x00000] in <filename unknown>:0 
  at Steam.Steamworks.Update () [0x00000] in <filename unknown>:0 
 
(Filename:  Line: -1)

